<?xml version="1.0" encoding="UTF-8"?>
<testng-results ignored="0" total="3" passed="3" failed="0" skipped="0">
  <reporter-output>
  </reporter-output>
  <suite started-at="2025-07-13T20:06:33 BST" name="Surefire suite" finished-at="2025-07-13T20:07:06 BST" duration-ms="33312">
    <groups>
      <group name="cucumber">
        <method signature="AbstractTestNGCucumberTests.runScenario(io.cucumber.testng.PickleWrapper,io.cucumber.testng.FeatureWrapper)[pri:0, instance:cucumberOptions.TestNGRunner@4f83df68]" name="runScenario" class="io.cucumber.testng.AbstractTestNGCucumberTests"/>
      </group> <!-- cucumber -->
    </groups>
    <test started-at="2025-07-13T20:06:33 BST" name="Surefire test" finished-at="2025-07-13T20:07:06 BST" duration-ms="33312">
      <class name="cucumberOptions.TestNGRunner">
        <test-method is-config="true" signature="setUpClass(org.testng.ITestContext)[pri:0, instance:cucumberOptions.TestNGRunner@4f83df68]" started-at="2025-07-13T20:06:33 BST" name="setUpClass" finished-at="2025-07-13T20:06:34 BST" duration-ms="854" status="PASS">
          <params>
            <param index="0">
              <value>
                <![CDATA[org.testng.TestRunner@ea9e141]]>
              </value>
            </param>
          </params>
          <reporter-output>
          </reporter-output>
        </test-method> <!-- setUpClass -->
        <test-method signature="runScenario(io.cucumber.testng.PickleWrapper,io.cucumber.testng.FeatureWrapper)[pri:0, instance:cucumberOptions.TestNGRunner@4f83df68]" started-at="2025-07-13T20:06:34 BST" name="runScenario" description="Runs Cucumber Scenarios" data-provider="scenarios" finished-at="2025-07-13T20:07:02 BST" duration-ms="28370" status="PASS">
          <params>
            <param index="0">
              <value>
                <![CDATA["Submit an enquiry form with missing user inputs"]]>
              </value>
            </param>
            <param index="1">
              <value>
                <![CDATA["Submit an enquiry form"]]>
              </value>
            </param>
          </params>
          <reporter-output>
          </reporter-output>
        </test-method> <!-- runScenario -->
        <test-method signature="runScenario(io.cucumber.testng.PickleWrapper,io.cucumber.testng.FeatureWrapper)[pri:0, instance:cucumberOptions.TestNGRunner@4f83df68]" started-at="2025-07-13T20:06:34 BST" name="runScenario" description="Runs Cucumber Scenarios" data-provider="scenarios" finished-at="2025-07-13T20:07:06 BST" duration-ms="31857" status="PASS">
          <params>
            <param index="0">
              <value>
                <![CDATA["Submit an enquiry form with valid user inputs and verify the state of the form after submission"]]>
              </value>
            </param>
            <param index="1">
              <value>
                <![CDATA["Submit an enquiry form"]]>
              </value>
            </param>
          </params>
          <reporter-output>
          </reporter-output>
        </test-method> <!-- runScenario -->
        <test-method signature="runScenario(io.cucumber.testng.PickleWrapper,io.cucumber.testng.FeatureWrapper)[pri:0, instance:cucumberOptions.TestNGRunner@4f83df68]" started-at="2025-07-13T20:06:34 BST" name="runScenario" description="Runs Cucumber Scenarios" data-provider="scenarios" finished-at="2025-07-13T20:06:58 BST" duration-ms="24172" status="PASS">
          <params>
            <param index="0">
              <value>
                <![CDATA["Admin login with invalid credentials"]]>
              </value>
            </param>
            <param index="1">
              <value>
                <![CDATA["Admin Login functionality"]]>
              </value>
            </param>
          </params>
          <reporter-output>
          </reporter-output>
        </test-method> <!-- runScenario -->
        <test-method is-config="true" signature="tearDownClass()[pri:0, instance:cucumberOptions.TestNGRunner@4f83df68]" started-at="2025-07-13T20:07:06 BST" name="tearDownClass" finished-at="2025-07-13T20:07:06 BST" duration-ms="546" status="PASS">
          <reporter-output>
          </reporter-output>
        </test-method> <!-- tearDownClass -->
      </class> <!-- cucumberOptions.TestNGRunner -->
    </test> <!-- Surefire test -->
  </suite> <!-- Surefire suite -->
</testng-results>
